<?xml version="1.0" encoding="UTF-8"?>
<!-- Generated by org.testng.reporters.JUnitXMLReporter -->
<testsuite hostname="DESKTOP-8UI8FON" ignored="0" name="Test" tests="1" failures="1" timestamp="2021-07-02T07:45:27 IST" time="37.526" errors="0">
  <testcase name="logintest" time="24.471" classname="com.crypto.scripts.LoginTest">
    <failure type="java.lang.AssertionError" message="expected [false] but found [true]">
      <![CDATA[java.lang.AssertionError: expected [false] but found [true]
at com.crypto.scripts.LoginTest.logintest(LoginTest.java:56)
at java.util.ArrayList.forEach(Unknown Source)
... Removed 33 stack frames]]>
    </failure>
  </testcase> <!-- logintest -->
</testsuite> <!-- Test -->
